# JRE version: OpenJDK Runtime Environment (7.0_79-b14) (build 1.7.0_79-b14)
# Java VM: OpenJDK 64-Bit Server VM (24.79-b02 mixed mode linux-amd64 compressed oops)
Heap
 PSYoungGen      total 73216K, used 8674K [0x00000000eaa80000, 0x00000000efb80000, 0x0000000100000000)
  eden space 64512K, 0% used [0x00000000eaa80000,0x00000000eaa80000,0x00000000ee980000)
  from space 8704K, 99% used [0x00000000ee980000,0x00000000ef1f8940,0x00000000ef200000)
  to   space 7680K, 0% used [0x00000000ef200000,0x00000000ef200000,0x00000000ef980000)
 ParOldGen       total 19968K, used 19471K [0x00000000c0000000, 0x00000000c1380000, 0x00000000eaa80000)
  object space 19968K, 97% used [0x00000000c0000000,0x00000000c1303d08,0x00000000c1380000)
 PSPermGen       total 21504K, used 6256K [0x00000000b5a00000, 0x00000000b6f00000, 0x00000000c0000000)
  object space 21504K, 29% used [0x00000000b5a00000,0x00000000b601c1c0,0x00000000b6f00000)
GC Heap History (10 events):
Event: 21.304 GC heap after
Heap after GC invocations=2 (full 0):
 PSYoungGen      total 17408K, used 1015K [0x00000000eaa80000, 0x00000000ebc80000, 0x0000000100000000)
  eden space 16384K, 0% used [0x00000000eaa80000,0x00000000eaa80000,0x00000000eba80000)
  from space 1024K, 99% used [0x00000000ebb80000,0x00000000ebc7dc60,0x00000000ebc80000)
  to   space 1024K, 0% used [0x00000000eba80000,0x00000000eba80000,0x00000000ebb80000)
 ParOldGen       total 19968K, used 135K [0x00000000c0000000, 0x00000000c1380000, 0x00000000eaa80000)
  object space 19968K, 0% used [0x00000000c0000000,0x00000000c0021d90,0x00000000c1380000)
 PSPermGen       total 21504K, used 4451K [0x00000000b5a00000, 0x00000000b6f00000, 0x00000000c0000000)
  object space 21504K, 20% used [0x00000000b5a00000,0x00000000b5e58f50,0x00000000b6f00000)
}
Event: 25.310 GC heap before
{Heap before GC invocations=3 (full 0):
 PSYoungGen      total 17408K, used 17399K [0x00000000eaa80000, 0x00000000ebc80000, 0x0000000100000000)
  eden space 16384K, 100% used [0x00000000eaa80000,0x00000000eba80000,0x00000000eba80000)
  from space 1024K, 99% used [0x00000000ebb80000,0x00000000ebc7dc60,0x00000000ebc80000)
  to   space 1024K, 0% used [0x00000000eba80000,0x00000000eba80000,0x00000000ebb80000)
 ParOldGen       total 19968K, used 135K [0x00000000c0000000, 0x00000000c1380000, 0x00000000eaa80000)
  object space 19968K, 0% used [0x00000000c0000000,0x00000000c0021d90,0x00000000c1380000)
 PSPermGen       total 21504K, used 5976K [0x00000000b5a00000, 0x00000000b6f00000, 0x00000000c0000000)
  object space 21504K, 27% used [0x00000000b5a00000,0x00000000b5fd6220,0x00000000b6f00000)
Event: 25.353 GC heap after
Heap after GC invocations=3 (full 0):
 PSYoungGen      total 17408K, used 1007K [0x00000000eaa80000, 0x00000000ecc80000, 0x0000000100000000)
  eden space 16384K, 0% used [0x00000000eaa80000,0x00000000eaa80000,0x00000000eba80000)
  from space 1024K, 98% used [0x00000000eba80000,0x00000000ebb7bd30,0x00000000ebb80000)
  to   space 1024K, 0% used [0x00000000ecb80000,0x00000000ecb80000,0x00000000ecc80000)
 ParOldGen       total 19968K, used 3867K [0x00000000c0000000, 0x00000000c1380000, 0x00000000eaa80000)
  object space 19968K, 19% used [0x00000000c0000000,0x00000000c03c6ca0,0x00000000c1380000)
 PSPermGen       total 21504K, used 5976K [0x00000000b5a00000, 0x00000000b6f00000, 0x00000000c0000000)
  object space 21504K, 27% used [0x00000000b5a00000,0x00000000b5fd6220,0x00000000b6f00000)
}
Event: 26.372 GC heap before
{Heap before GC invocations=4 (full 0):
 PSYoungGen      total 17408K, used 17391K [0x00000000eaa80000, 0x00000000ecc80000, 0x0000000100000000)
  eden space 16384K, 100% used [0x00000000eaa80000,0x00000000eba80000,0x00000000eba80000)
  from space 1024K, 98% used [0x00000000eba80000,0x00000000ebb7bd30,0x00000000ebb80000)
  to   space 1024K, 0% used [0x00000000ecb80000,0x00000000ecb80000,0x00000000ecc80000)
 ParOldGen       total 19968K, used 3867K [0x00000000c0000000, 0x00000000c1380000, 0x00000000eaa80000)
  object space 19968K, 19% used [0x00000000c0000000,0x00000000c03c6ca0,0x00000000c1380000)
 PSPermGen       total 21504K, used 6113K [0x00000000b5a00000, 0x00000000b6f00000, 0x00000000c0000000)
  object space 21504K, 28% used [0x00000000b5a00000,0x00000000b5ff8680,0x00000000b6f00000)
Event: 26.391 GC heap after
Heap after GC invocations=4 (full 0):
 PSYoungGen      total 33792K, used 994K [0x00000000eaa80000, 0x00000000ecc80000, 0x0000000100000000)
  eden space 32768K, 0% used [0x00000000eaa80000,0x00000000eaa80000,0x00000000eca80000)
  from space 1024K, 97% used [0x00000000ecb80000,0x00000000ecc78958,0x00000000ecc80000)
  to   space 1024K, 0% used [0x00000000eca80000,0x00000000eca80000,0x00000000ecb80000)
 ParOldGen       total 19968K, used 7161K [0x00000000c0000000, 0x00000000c1380000, 0x00000000eaa80000)
  object space 19968K, 35% used [0x00000000c0000000,0x00000000c06fe490,0x00000000c1380000)
 PSPermGen       total 21504K, used 6113K [0x00000000b5a00000, 0x00000000b6f00000, 0x00000000c0000000)
  object space 21504K, 28% used [0x00000000b5a00000,0x00000000b5ff8680,0x00000000b6f00000)
}
Event: 28.746 GC heap before
{Heap before GC invocations=5 (full 0):
 PSYoungGen      total 33792K, used 33762K [0x00000000eaa80000, 0x00000000ecc80000, 0x0000000100000000)
  eden space 32768K, 100% used [0x00000000eaa80000,0x00000000eca80000,0x00000000eca80000)
  from space 1024K, 97% used [0x00000000ecb80000,0x00000000ecc78958,0x00000000ecc80000)
  to   space 1024K, 0% used [0x00000000eca80000,0x00000000eca80000,0x00000000ecb80000)
 ParOldGen       total 19968K, used 7161K [0x00000000c0000000, 0x00000000c1380000, 0x00000000eaa80000)
  object space 19968K, 35% used [0x00000000c0000000,0x00000000c06fe490,0x00000000c1380000)
 PSPermGen       total 21504K, used 6177K [0x00000000b5a00000, 0x00000000b6f00000, 0x00000000c0000000)
  object space 21504K, 28% used [0x00000000b5a00000,0x00000000b60087c8,0x00000000b6f00000)
Event: 28.810 GC heap after
Heap after GC invocations=5 (full 0):
 PSYoungGen      total 33792K, used 1023K [0x00000000eaa80000, 0x00000000ef980000, 0x0000000100000000)
  eden space 32768K, 0% used [0x00000000eaa80000,0x00000000eaa80000,0x00000000eca80000)
  from space 1024K, 99% used [0x00000000eca80000,0x00000000ecb7fce8,0x00000000ecb80000)
  to   space 7680K, 0% used [0x00000000ef200000,0x00000000ef200000,0x00000000ef980000)
 ParOldGen       total 19968K, used 12327K [0x00000000c0000000, 0x00000000c1380000, 0x00000000eaa80000)
  object space 19968K, 61% used [0x00000000c0000000,0x00000000c0c09f20,0x00000000c1380000)
 PSPermGen       total 21504K, used 6177K [0x00000000b5a00000, 0x00000000b6f00000, 0x00000000c0000000)
  object space 21504K, 28% used [0x00000000b5a00000,0x00000000b60087c8,0x00000000b6f00000)
}
Event: 30.654 GC heap before
{Heap before GC invocations=6 (full 0):
 PSYoungGen      total 33792K, used 33791K [0x00000000eaa80000, 0x00000000ef980000, 0x0000000100000000)
  eden space 32768K, 100% used [0x00000000eaa80000,0x00000000eca80000,0x00000000eca80000)
  from space 1024K, 99% used [0x00000000eca80000,0x00000000ecb7fce8,0x00000000ecb80000)
  to   space 7680K, 0% used [0x00000000ef200000,0x00000000ef200000,0x00000000ef980000)
 ParOldGen       total 19968K, used 12327K [0x00000000c0000000, 0x00000000c1380000, 0x00000000eaa80000)
  object space 19968K, 61% used [0x00000000c0000000,0x00000000c0c09f20,0x00000000c1380000)
 PSPermGen       total 21504K, used 6211K [0x00000000b5a00000, 0x00000000b6f00000, 0x00000000c0000000)
  object space 21504K, 28% used [0x00000000b5a00000,0x00000000b6010fe8,0x00000000b6f00000)
Event: 30.698 GC heap after
Heap after GC invocations=6 (full 0):
 PSYoungGen      total 72192K, used 6447K [0x00000000eaa80000, 0x00000000efb80000, 0x0000000100000000)
  eden space 64512K, 0% used [0x00000000eaa80000,0x00000000eaa80000,0x00000000ee980000)
  from space 7680K, 83% used [0x00000000ef200000,0x00000000ef84bd08,0x00000000ef980000)
  to   space 8704K, 0% used [0x00000000ee980000,0x00000000ee980000,0x00000000ef200000)
 ParOldGen       total 19968K, used 12327K [0x00000000c0000000, 0x00000000c1380000, 0x00000000eaa80000)
  object space 19968K, 61% used [0x00000000c0000000,0x00000000c0c09f20,0x00000000c1380000)
 PSPermGen       total 21504K, used 6211K [0x00000000b5a00000, 0x00000000b6f00000, 0x00000000c0000000)
  object space 21504K, 28% used [0x00000000b5a00000,0x00000000b6010fe8,0x00000000b6f00000)
}
Event: 35.634 GC heap before
{Heap before GC invocations=7 (full 0):
 PSYoungGen      total 72192K, used 70959K [0x00000000eaa80000, 0x00000000efb80000, 0x0000000100000000)
  eden space 64512K, 100% used [0x00000000eaa80000,0x00000000ee980000,0x00000000ee980000)
  from space 7680K, 83% used [0x00000000ef200000,0x00000000ef84bd08,0x00000000ef980000)
  to   space 8704K, 0% used [0x00000000ee980000,0x00000000ee980000,0x00000000ef200000)
 ParOldGen       total 19968K, used 12327K [0x00000000c0000000, 0x00000000c1380000, 0x00000000eaa80000)
  object space 19968K, 61% used [0x00000000c0000000,0x00000000c0c09f20,0x00000000c1380000)
 PSPermGen       total 21504K, used 6256K [0x00000000b5a00000, 0x00000000b6f00000, 0x00000000c0000000)
  object space 21504K, 29% used [0x00000000b5a00000,0x00000000b601c1c0,0x00000000b6f00000)

